<?xml version="1.0" encoding="UTF-8"?>
<!-- Generated by org.testng.reporters.JUnitXMLReporter -->
<testsuite ignored="0" hostname="LAPTOP-0PAA5I9T" failures="0" tests="5" name="DataDrivenTest" time="70.873" errors="0" timestamp="2023-11-30T03:48:59 EST">
  <testcase classname="testCases.TC_003_LoginDDT" name="test_loginDDT" time="14.887"/>
  <testcase classname="testCases.TC_003_LoginDDT" name="test_loginDDT" time="10.441"/>
  <testcase classname="testCases.TC_003_LoginDDT" name="test_loginDDT" time="10.237"/>
  <testcase classname="testCases.TC_003_LoginDDT" name="test_loginDDT" time="10.208"/>
  <testcase classname="testCases.TC_003_LoginDDT" name="test_loginDDT" time="10.244"/>
</testsuite> <!-- DataDrivenTest -->
