<?xml version="1.0" encoding="UTF-8"?>
<!-- Generated by org.testng.reporters.JUnitXMLReporter -->
<testsuite ignored="0" hostname="LAPTOP-0PAA5I9T" failures="1" tests="2" name="OpencartTest" time="26.431" errors="0" timestamp="2023-11-30T05:17:08 EST">
  <testcase classname="testCases.TC_001_AccountRegistrationTest" name="test_account_Registration" time="5.353">
    <failure type="java.lang.AssertionError" message="Test failed expected [Your Account Has Been Created!+++] but found [Your Account Has Been Created!]">
      <![CDATA[java.lang.AssertionError: Test failed expected [Your Account Has Been Created!+++] but found [Your Account Has Been Created!]
at testCases.TC_001_AccountRegistrationTest.test_account_Registration(TC_001_AccountRegistrationTest.java:45)
at java.base/java.util.ArrayList.forEach(ArrayList.java:1511)
... Removed 32 stack frames]]>
    </failure>
  </testcase> <!-- test_account_Registration -->
  <testcase classname="testCases.TC_002_LoginTest" name="test_login" time="3.94"/>
</testsuite> <!-- OpencartTest -->
