<?xml version="1.0" encoding="UTF-8"?>
<testng-results ignored="0" total="2" passed="2" failed="0" skipped="0">
  <reporter-output>
  </reporter-output>
  <suite started-at="2023-11-29T08:45:27 EST" name="Suite" finished-at="2023-11-29T08:45:32 EST" duration-ms="5030">
    <groups>
    </groups>
    <test started-at="2023-11-29T08:45:27 EST" name="OpencartTest" finished-at="2023-11-29T08:45:32 EST" duration-ms="5030">
      <class name="testCases.TC_001_AccountRegistrationTest">
        <test-method is-config="true" signature="setup(java.lang.String)[pri:0, instance:testCases.TC_001_AccountRegistrationTest@34a3d150]" started-at="2023-11-29T08:45:27 EST" name="setup" finished-at="2023-11-29T08:45:29 EST" duration-ms="1872" status="PASS">
          <params>
            <param index="0">
              <value>
                <![CDATA[chrome]]>
              </value>
            </param>
          </params>
          <reporter-output>
          </reporter-output>
        </test-method> <!-- setup -->
        <test-method signature="test_account_Registration()[pri:0, instance:testCases.TC_001_AccountRegistrationTest@34a3d150]" started-at="2023-11-29T08:45:29 EST" name="test_account_Registration" finished-at="2023-11-29T08:45:30 EST" duration-ms="879" status="PASS">
          <reporter-output>
          </reporter-output>
        </test-method> <!-- test_account_Registration -->
        <test-method is-config="true" signature="tearDown()[pri:0, instance:testCases.TC_001_AccountRegistrationTest@34a3d150]" started-at="2023-11-29T08:45:30 EST" name="tearDown" finished-at="2023-11-29T08:45:30 EST" duration-ms="103" status="PASS">
          <reporter-output>
          </reporter-output>
        </test-method> <!-- tearDown -->
      </class> <!-- testCases.TC_001_AccountRegistrationTest -->
      <class name="testCases.TC_002_LoginTest">
        <test-method is-config="true" signature="setup(java.lang.String)[pri:0, instance:testCases.TC_002_LoginTest@368f2016]" started-at="2023-11-29T08:45:30 EST" name="setup" finished-at="2023-11-29T08:45:31 EST" duration-ms="1190" status="PASS">
          <params>
            <param index="0">
              <value>
                <![CDATA[chrome]]>
              </value>
            </param>
          </params>
          <reporter-output>
          </reporter-output>
        </test-method> <!-- setup -->
        <test-method signature="test_login()[pri:0, instance:testCases.TC_002_LoginTest@368f2016]" started-at="2023-11-29T08:45:31 EST" name="test_login" finished-at="2023-11-29T08:45:32 EST" duration-ms="683" status="PASS">
          <reporter-output>
          </reporter-output>
        </test-method> <!-- test_login -->
        <test-method is-config="true" signature="tearDown()[pri:0, instance:testCases.TC_002_LoginTest@368f2016]" started-at="2023-11-29T08:45:32 EST" name="tearDown" finished-at="2023-11-29T08:45:32 EST" duration-ms="83" status="PASS">
          <reporter-output>
          </reporter-output>
        </test-method> <!-- tearDown -->
      </class> <!-- testCases.TC_002_LoginTest -->
    </test> <!-- OpencartTest -->
  </suite> <!-- Suite -->
</testng-results>
